<?xml version="1.0" encoding="UTF-8"?>
<!-- Generated by org.testng.reporters.JUnitReportReporter -->
<testsuite hostname="Arun" failures="0" tests="1" name="test.TC_007_LogoutTest" time="6.484" errors="0" timestamp="2025-04-16T00:07:40 IST" skipped="0">
  <testcase classname="test.TC_007_LogoutTest" name="LogoutTest" time="6.484"/>
</testsuite> <!-- test.TC_007_LogoutTest -->
