<?xml version="1.0" encoding="UTF-8"?>
<!-- Generated by org.testng.reporters.JUnitReportReporter -->
<testsuite hostname="Arun" failures="0" tests="1" name="test.TC_003_ProductCategoriesDisplayTest" time="8.537" errors="0" timestamp="2025-04-18T15:16:50 IST" skipped="0">
  <testcase classname="test.TC_003_ProductCategoriesDisplayTest" name="HomepageDislay" time="8.537"/>
</testsuite> <!-- test.TC_003_ProductCategoriesDisplayTest -->
