<?xml version="1.0" encoding="UTF-8"?>
<!-- Generated by org.testng.reporters.JUnitReportReporter -->
<testsuite hostname="Arun" failures="0" tests="1" name="test.TC_006_PurchaseFunctionTest" time="8.227" errors="0" timestamp="2025-04-17T00:54:27 IST" skipped="0">
  <testcase classname="test.TC_006_PurchaseFunctionTest" name="PurchaseTest" time="8.227"/>
</testsuite> <!-- test.TC_006_PurchaseFunctionTest -->
