<?xml version="1.0" encoding="UTF-8"?>
<!-- Generated by org.testng.reporters.JUnitReportReporter -->
<testsuite hostname="Arun" failures="0" tests="1" name="test.TC_003_ProductCategoriesDisplay" time="7.135" errors="0" timestamp="2025-04-15T23:02:20 IST" skipped="0">
  <testcase classname="test.TC_003_ProductCategoriesDisplay" name="HomepageDislay" time="7.135"/>
</testsuite> <!-- test.TC_003_ProductCategoriesDisplay -->
