<?xml version="1.0" encoding="UTF-8"?>
<!-- Generated by org.testng.reporters.JUnitReportReporter -->
<testsuite hostname="Arun" failures="0" tests="1" name="test.TC_002_LoginTest" time="8.204" errors="0" timestamp="2025-04-17T19:27:54 IST" skipped="0">
  <testcase classname="test.TC_002_LoginTest" name="loginButton" time="8.204"/>
</testsuite> <!-- test.TC_002_LoginTest -->
