<?xml version="1.0" encoding="UTF-8"?>
<!-- Generated by org.testng.reporters.JUnitReportReporter -->
<testsuite hostname="Arun" failures="0" tests="1" name="test.TC_003_ProductCategoriesDisplayTest" time="8.054" errors="0" timestamp="2025-04-17T19:31:17 IST" skipped="0">
  <testcase classname="test.TC_003_ProductCategoriesDisplayTest" name="HomepageDislay" time="8.054"/>
</testsuite> <!-- test.TC_003_ProductCategoriesDisplayTest -->
