<?xml version="1.0" encoding="UTF-8"?>
<!-- Generated by org.testng.reporters.JUnitReportReporter -->
<testsuite hostname="Arun" failures="0" tests="1" name="test.TC_001_SignupTest" time="8.627" errors="0" timestamp="2025-04-17T19:26:21 IST" skipped="0">
  <testcase classname="test.TC_001_SignupTest" name="signupTest" time="8.627"/>
</testsuite> <!-- test.TC_001_SignupTest -->
